2021-02-07 16:50:17,311 - instabot version: 0.117.0 (bot) - INFO - Instabot version: 0.117.0 Started
2021-02-07 16:50:17,312 - instabot version: 0.117.0 (bot) - DEBUG - Bot imported from G:\Web-Programming\web-scraper\env\lib\site-packages\instabot\bot\bot.py
2021-02-07 16:50:17,312 - instabot version: 0.117.0 (api_login) - INFO - Not yet logged in starting: PRE-LOGIN FLOW!
2021-02-07 16:50:17,767 - instabot version: 0.117.0 (api) - DEBUG - POST to endpoint: accounts/get_prefill_candidates/ returned response: <Response [200]>
2021-02-07 16:50:18,191 - instabot version: 0.117.0 (api) - DEBUG - POST to endpoint: qe/sync/ returned response: <Response [200]>
2021-02-07 16:50:18,647 - instabot version: 0.117.0 (api) - DEBUG - POST to endpoint: launcher/sync/ returned response: <Response [200]>
2021-02-07 16:50:20,079 - instabot version: 0.117.0 (api) - DEBUG - POST to endpoint: accounts/contact_point_prefill/ returned response: <Response [200]>
2021-02-07 16:50:24,059 - instabot version: 0.117.0 (api) - DEBUG - POST to endpoint: accounts/login/ returned response: <Response [200]>
2021-02-07 16:50:24,060 - instabot version: 0.117.0 (api) - INFO - Logged-in successfully as 'akmatoff.test'!
2021-02-07 16:50:24,061 - instabot version: 0.117.0 (api_login) - INFO - LOGIN FLOW! Just logged-in: True
2021-02-07 16:50:25,513 - instabot version: 0.117.0 (api) - DEBUG - POST to endpoint: qe/sync/ returned response: <Response [200]>
2021-02-07 16:50:25,958 - instabot version: 0.117.0 (api) - DEBUG - POST to endpoint: launcher/sync/ returned response: <Response [200]>
2021-02-07 16:50:26,396 - instabot version: 0.117.0 (api) - DEBUG - GET to endpoint: zr/token/result/?device_id=android-d30a7500b4f48537&token_hash=&custom_device_id=android-d30a7500b4f48537&fetch_reason=token_expired returned response: <Response [200]>
2021-02-07 16:50:26,856 - instabot version: 0.117.0 (api) - DEBUG - GET to endpoint: multiple_accounts/get_account_family/ returned response: <Response [200]>
2021-02-07 16:50:28,299 - instabot version: 0.117.0 (api) - DEBUG - POST to endpoint: qe/sync/ returned response: <Response [200]>
2021-02-07 16:50:30,088 - instabot version: 0.117.0 (api) - DEBUG - GET to endpoint: igtv/browse_feed/?prefetch=1 returned response: <Response [200]>
2021-02-07 16:50:31,523 - instabot version: 0.117.0 (api) - DEBUG - POST to endpoint: creatives/ar_class/ returned response: <Response [200]>
2021-02-07 16:50:32,012 - instabot version: 0.117.0 (api) - DEBUG - POST to endpoint: feed/reels_tray/ returned response: <Response [200]>
2021-02-07 16:50:33,957 - instabot version: 0.117.0 (api) - DEBUG - POST to endpoint: feed/timeline/ returned response: <Response [200]>
2021-02-07 16:50:35,392 - instabot version: 0.117.0 (api) - DEBUG - GET to endpoint: media/blocked/ returned response: <Response [200]>
2021-02-07 16:50:36,011 - instabot version: 0.117.0 (api) - DEBUG - GET to endpoint: news/inbox/ returned response: <Response [200]>
2021-02-07 16:50:36,454 - instabot version: 0.117.0 (api) - DEBUG - GET to endpoint: loom/fetch_config/ returned response: <Response [200]>
2021-02-07 16:50:36,907 - instabot version: 0.117.0 (api) - DEBUG - GET to endpoint: scores/bootstrap/users/?surfaces=["autocomplete_user_list","coefficient_besties_list_ranking","coefficient_rank_recipient_user_suggestion","coefficient_ios_section_test_bootstrap_ranking","coefficient_direct_recipients_ranking_variant_2"] returned response: <Response [200]>
2021-02-07 16:50:37,342 - instabot version: 0.117.0 (api) - DEBUG - GET to endpoint: business/eligibility/get_monetization_products_eligibility_data/?product_types=branded_content returned response: <Response [200]>
2021-02-07 16:50:38,798 - instabot version: 0.117.0 (api) - DEBUG - GET to endpoint: business/branded_content/should_require_professional_account/ returned response: <Response [200]>
2021-02-07 16:50:39,288 - instabot version: 0.117.0 (api) - DEBUG - GET to endpoint: linked_accounts/get_linkage_status/ returned response: <Response [200]>
2021-02-07 16:50:39,723 - instabot version: 0.117.0 (api) - DEBUG - GET to endpoint: locations/request_country/ returned response: <Response [200]>
2021-02-07 16:50:40,148 - instabot version: 0.117.0 (api) - DEBUG - GET to endpoint: qp/get_cooldowns/?signed_body=signed_body=4b9c516a5410a3bc128e09c6104a7f042146b9c2023870560c63a43a7f66781c.4&ig_sig_key_version=4&ig_sig_key_version=4 returned response: <Response [200]>
2021-02-07 16:50:40,584 - instabot version: 0.117.0 (api) - DEBUG - GET to endpoint: users/arlink_download_info/?version_override=2.2.1 returned response: <Response [200]>
2021-02-07 16:50:42,292 - instabot version: 0.117.0 (api) - DEBUG - GET to endpoint: users/45723737830/info/ returned response: <Response [200]>
2021-02-07 16:50:43,724 - instabot version: 0.117.0 (api) - DEBUG - GET to endpoint: direct_v2/get_presence/ returned response: <Response [200]>
2021-02-07 16:50:44,244 - instabot version: 0.117.0 (api) - DEBUG - GET to endpoint: direct_v2/inbox/?visual_message_return_type=unseen&thread_message_limit=10&persistentBadging=true&limit=20 returned response: <Response [200]>
2021-02-07 16:50:45,672 - instabot version: 0.117.0 (api) - DEBUG - GET to endpoint: direct_v2/inbox/?visual_message_return_type=unseen&persistentBadging=true&limit=0 returned response: <Response [200]>
2021-02-07 16:50:46,266 - instabot version: 0.117.0 (api) - DEBUG - GET to endpoint: discover/topical_explore/?is_prefetch=true&omit_cover_media=true&use_sectional_payload=true&timezone_offset=0&session_id=bacdc1c8-bc91-4d06-96b6-9b794654e183&include_fixed_destinations=true returned response: <Response [200]>
2021-02-07 16:50:46,706 - instabot version: 0.117.0 (api) - DEBUG - POST to endpoint: notifications/badge/ returned response: <Response [200]>
2021-02-07 16:50:48,313 - instabot version: 0.117.0 (api) - DEBUG - POST to endpoint: qp/batch_fetch/ returned response: <Response [200]>
2021-02-07 16:50:48,317 - instabot version: 0.117.0 (bot_checkpoint) - DEBUG - Loading Checkpoint file from: G:\Web-Programming\web-scraper/config/akmatoff.test.checkpoint
2021-02-07 16:50:50,246 - instabot version: 0.117.0 (api_photo) - ERROR - Photo does not have a compatible photo aspect ratio.
2021-02-07 16:50:50,247 - instabot version: 0.117.0 (bot_photo) - INFO - Photo 'images/17829_01.jpg' is not uploaded.
2021-02-07 16:50:52,166 - instabot version: 0.117.0 (api_photo) - ERROR - Photo does not have a compatible photo aspect ratio.
2021-02-07 16:50:52,167 - instabot version: 0.117.0 (bot_photo) - INFO - Photo 'images/17830_01.jpg' is not uploaded.
2021-02-07 16:51:13,978 - instabot version: 0.117.0 (api) - DEBUG - POST to endpoint: media/configure/? returned response: <Response [200]>
2021-02-07 16:51:14,418 - instabot version: 0.117.0 (api) - DEBUG - POST to endpoint: qe/expose/ returned response: <Response [200]>
2021-02-07 16:51:14,420 - instabot version: 0.117.0 (bot_photo) - INFO - Photo 'images/17831_01.jpg' is uploaded.
2021-02-07 16:51:16,471 - instabot version: 0.117.0 (api_photo) - ERROR - Photo does not have a compatible photo aspect ratio.
2021-02-07 16:51:16,471 - instabot version: 0.117.0 (bot_photo) - INFO - Photo 'images/17832_01.jpg' is not uploaded.
2021-02-07 16:51:30,256 - instabot version: 0.117.0 (bot_checkpoint) - DEBUG - Saving Checkpoint file to: G:\Web-Programming\web-scraper/config/akmatoff.test.checkpoint
2021-02-07 16:51:30,257 - instabot version: 0.117.0 (bot) - INFO - Total requests: 33
